[debug] [2025-06-28T19:42:02.288Z] ----------------------------------------------------------------------
[debug] [2025-06-28T19:42:02.291Z] Command:       C:\Program Files\nodejs\node.exe C:\Users\Usuario\AppData\Roaming\npm\node_modules\firebase-tools\lib\bin\firebase.js init
[debug] [2025-06-28T19:42:02.292Z] CLI Version:   14.3.0
[debug] [2025-06-28T19:42:02.292Z] Platform:      win32
[debug] [2025-06-28T19:42:02.292Z] Node Version:  v20.17.0
[debug] [2025-06-28T19:42:02.292Z] Time:          Sat Jun 28 2025 16:42:02 GMT-0300 (hora estándar de Argentina)
[debug] [2025-06-28T19:42:02.292Z] ----------------------------------------------------------------------
[debug] 
[debug] [2025-06-28T19:42:02.294Z] >>> [apiv2][query] GET https://firebase-public.firebaseio.com/cli.json [none]
[debug] [2025-06-28T19:42:02.537Z] > command requires scopes: ["email","openid","https://www.googleapis.com/auth/cloudplatformprojects.readonly","https://www.googleapis.com/auth/firebase","https://www.googleapis.com/auth/cloud-platform"]
[debug] [2025-06-28T19:42:02.537Z] > authorizing via signed-in user (nachomonllorc@gmail.com)
[info] 
     ######## #### ########  ######## ########     ###     ######  ########
     ##        ##  ##     ## ##       ##     ##  ##   ##  ##       ##
     ######    ##  ########  ######   ########  #########  ######  ######
     ##        ##  ##    ##  ##       ##     ## ##     ##       ## ##
     ##       #### ##     ## ######## ########  ##     ##  ######  ########

You're about to initialize a Firebase project in this directory:

  C:\Users\Usuario\Desktop\Clinica_Online_2025

Before we get started, keep in mind:

  * You are initializing within an existing Firebase project directory

[debug] [2025-06-28T19:42:02.889Z] <<< [apiv2][status] GET https://firebase-public.firebaseio.com/cli.json 200
[debug] [2025-06-28T19:42:02.889Z] <<< [apiv2][body] GET https://firebase-public.firebaseio.com/cli.json {"cloudBuildErrorAfter":1594252800000,"cloudBuildWarnAfter":1590019200000,"defaultNode10After":1594252800000,"minVersion":"3.0.5","node8DeploysDisabledAfter":1613390400000,"node8RuntimeDisabledAfter":1615809600000,"node8WarnAfter":1600128000000}
[info] 
=== Project Setup
[info] 
[info] First, let's associate this project directory with a Firebase project.
[info] You can create multiple project aliases by running firebase use --add, 
[info] but for now we'll just set up a default project.
[info] 
[debug] [2025-06-28T19:45:31.197Z] Checked if tokens are valid: false, expires at: 1748997754475
[debug] [2025-06-28T19:45:31.198Z] Checked if tokens are valid: false, expires at: 1748997754475
[debug] [2025-06-28T19:45:31.198Z] > refreshing access token with scopes: []
[debug] [2025-06-28T19:45:31.199Z] >>> [apiv2][query] POST https://www.googleapis.com/oauth2/v3/token [none]
[debug] [2025-06-28T19:45:31.199Z] >>> [apiv2][body] POST https://www.googleapis.com/oauth2/v3/token [omitted]
[debug] [2025-06-28T19:45:31.312Z] <<< [apiv2][status] POST https://www.googleapis.com/oauth2/v3/token 400
[debug] [2025-06-28T19:45:31.312Z] <<< [apiv2][body] POST https://www.googleapis.com/oauth2/v3/token [omitted]
[debug] [2025-06-28T19:45:31.313Z] >>> [apiv2][query] GET https://firebase.googleapis.com/v1beta1/projects pageSize=100
[debug] [2025-06-28T19:45:31.423Z] <<< [apiv2][status] GET https://firebase.googleapis.com/v1beta1/projects 401
[debug] [2025-06-28T19:45:31.423Z] <<< [apiv2][body] GET https://firebase.googleapis.com/v1beta1/projects [omitted]
[debug] [2025-06-28T19:45:31.423Z] Got a 401 Unauthenticated error for a call that required authentication. Refreshing tokens.
[debug] [2025-06-28T19:45:31.423Z] Checked if tokens are valid: false, expires at: 1748997754475
[debug] [2025-06-28T19:45:31.423Z] Checked if tokens are valid: false, expires at: 1748997754475
[debug] [2025-06-28T19:45:31.423Z] > refreshing access token with scopes: []
[debug] [2025-06-28T19:45:31.424Z] >>> [apiv2][query] POST https://www.googleapis.com/oauth2/v3/token [none]
[debug] [2025-06-28T19:45:31.424Z] >>> [apiv2][body] POST https://www.googleapis.com/oauth2/v3/token [omitted]
[debug] [2025-06-28T19:45:31.464Z] <<< [apiv2][status] POST https://www.googleapis.com/oauth2/v3/token 400
[debug] [2025-06-28T19:45:31.464Z] <<< [apiv2][body] POST https://www.googleapis.com/oauth2/v3/token [omitted]
[debug] [2025-06-28T19:45:31.465Z] Request to https://firebase.googleapis.com/v1beta1/projects?pageSize=100 had HTTP Error: 401, Request had invalid authentication credentials. Expected OAuth 2 access token, login cookie or other valid authentication credential. See https://developers.google.com/identity/sign-in/web/devconsole-project.
[debug] [2025-06-28T19:45:31.466Z] FirebaseError: Request to https://firebase.googleapis.com/v1beta1/projects?pageSize=100 had HTTP Error: 401, Request had invalid authentication credentials. Expected OAuth 2 access token, login cookie or other valid authentication credential. See https://developers.google.com/identity/sign-in/web/devconsole-project.
    at responseToError (C:\Users\Usuario\AppData\Roaming\npm\node_modules\firebase-tools\lib\responseToError.js:52:12)
    at RetryOperation._fn (C:\Users\Usuario\AppData\Roaming\npm\node_modules\firebase-tools\lib\apiv2.js:312:77)
    at process.processTicksAndRejections (node:internal/process/task_queues:95:5)
[error] 
[error] Error: Failed to list Firebase projects. See firebase-debug.log for more info.
